<?xml version="1.0" encoding="UTF-8"?>
<!-- Generated by org.testng.reporters.JUnitReportReporter -->
<testsuite hostname="venkatanaresh" failures="0" tests="1" name="VootHome" time="29.213" errors="0" timestamp="2022-05-29T18:08:39 IST" skipped="0">
  <testcase classname="VootHome" name="homePagevalidation" time="29.213"/>
  <system-out/>
</testsuite> <!-- VootHome -->
